ERC-Bericht (2024-03-23T19:27:36+0100, UTF8-kodiert)

***** Schaltplan /

***** Schaltplan /Power_Supply/
[power_pin_not_driven]: Input-Power-Pin wird von keinem Output-Power-Pin angesteuert
    ; error
    @(44,4500 mm, 26,0350 mm): Symbol #PWR03 Versteckter Pin 1 [9V_DC_Jack, Stromversorgung, Linie]
[power_pin_not_driven]: Input-Power-Pin wird von keinem Output-Power-Pin angesteuert
    ; error (excluded)
    @(44,4500 mm, 26,0350 mm): Symbol #PWR03 Versteckter Pin 1 [9V_DC_Jack, Stromversorgung, Linie]
[power_pin_not_driven]: Input-Power-Pin wird von keinem Output-Power-Pin angesteuert
    ; error (excluded)
    @(59,0550 mm, 26,0350 mm): Symbol #PWR09 Versteckter Pin 1 [9V_DC_Jack_FILT, Stromversorgung, Linie]
[pin_to_pin]: Pins vom Typ Stromausgang und Bidirektional sind verbunden
    ; warning
    @(105,4100 mm, 34,2900 mm): Symbol U1 Pin 2 [VO, Stromausgang, Linie]
    @(143,5100 mm, 67,3100 mm): Symbol U10 Pin P1 [IN, Bidirektional, Linie]
[pin_to_pin]: Pins vom Typ Stromausgang und Bidirektional sind verbunden
    ; warning
    @(105,4100 mm, 34,2900 mm): Symbol U1 Pin 2 [VO, Stromausgang, Linie]
    @(142,2400 mm, 53,3400 mm): Symbol U7 Pin P1 [IN, Bidirektional, Linie]
[pin_to_pin]: Pins vom Typ Stromausgang und Bidirektional sind verbunden
    ; warning
    @(105,4100 mm, 34,2900 mm): Symbol U1 Pin 2 [VO, Stromausgang, Linie]
    @(142,2400 mm, 53,3400 mm): Symbol U7 Pin P2 [IN, Bidirektional, Linie]
[pin_to_pin]: Pins vom Typ Stromausgang und Bidirektional sind verbunden
    ; warning
    @(105,4100 mm, 34,2900 mm): Symbol U1 Pin 2 [VO, Stromausgang, Linie]
    @(143,5100 mm, 67,3100 mm): Symbol U10 Pin P2 [IN, Bidirektional, Linie]
[power_pin_not_driven]: Input-Power-Pin wird von keinem Output-Power-Pin angesteuert
    ; error (excluded)
    @(90,1700 mm, 34,2900 mm): Symbol U1 Pin 3 [VI, Stromversorgung, Linie]
[power_pin_not_driven]: Input-Power-Pin wird von keinem Output-Power-Pin angesteuert
    ; error (excluded)
    @(154,9400 mm, 41,2750 mm): Symbol U3 Pin 1 [GND, Stromversorgung, Linie]

***** Schaltplan /STM32F769/
[global_label_dangling]: Ein globaler Bezeichner ist nirgendwo sonst im Schaltplan verbunden
    ; warning
    @(302,2600 mm, 128,2700 mm): Globaler Bezeichner 'USB_OTG_HS_ULPI_CK'
[power_pin_not_driven]: Input-Power-Pin wird von keinem Output-Power-Pin angesteuert
    ; error (excluded)
    @(257,8100 mm, 107,9500 mm): Symbol U4 Pin 42 [VDDA, Stromversorgung, Linie]

***** Schaltplan /USB_OTG_FS/
[power_pin_not_driven]: Input-Power-Pin wird von keinem Output-Power-Pin angesteuert
    ; error (excluded)
    @(113,0300 mm, 114,3000 mm): Symbol U6 Pin 3 [CURRENT_MODE, Stromversorgung, Linie]
[power_pin_not_driven]: Input-Power-Pin wird von keinem Output-Power-Pin angesteuert
    ; error (excluded)
    @(113,0300 mm, 120,6500 mm): Symbol U6 Pin 1 [CC1, Stromversorgung, Linie]
[power_pin_not_driven]: Input-Power-Pin wird von keinem Output-Power-Pin angesteuert
    ; error (excluded)
    @(113,0300 mm, 123,1900 mm): Symbol U6 Pin 2 [CC2, Stromversorgung, Linie]
[power_pin_not_driven]: Input-Power-Pin wird von keinem Output-Power-Pin angesteuert
    ; error (excluded)
    @(113,0300 mm, 110,4900 mm): Symbol U6 Pin 5 [VBUS_DET, Stromversorgung, Linie]
[power_pin_not_driven]: Input-Power-Pin wird von keinem Output-Power-Pin angesteuert
    ; error (excluded)
    @(143,5100 mm, 133,3500 mm): Symbol U6 Pin 9 [ID, Stromversorgung, Linie]

***** Schaltplan /USB_OTG_HS/
[power_pin_not_driven]: Input-Power-Pin wird von keinem Output-Power-Pin angesteuert
    ; error (excluded)
    @(113,0300 mm, 157,4800 mm): Symbol U11 Pin 22 [VBUS, Stromversorgung, Linie]
[global_label_dangling]: Ein globaler Bezeichner ist nirgendwo sonst im Schaltplan verbunden
    ; warning
    @(154,9400 mm, 160,0200 mm): Globaler Bezeichner 'USB_OTG_HS_UPLI_CK'
[power_pin_not_driven]: Input-Power-Pin wird von keinem Output-Power-Pin angesteuert
    ; error (excluded)
    @(152,4000 mm, 259,7150 mm): Symbol U9 Pin 9 [ID, Stromversorgung, Linie]
[power_pin_not_driven]: Input-Power-Pin wird von keinem Output-Power-Pin angesteuert
    ; error
    @(137,1600 mm, 139,7000 mm): Symbol U11 Pin 20 [VDD33, Stromversorgung, Linie]
[power_pin_not_driven]: Input-Power-Pin wird von keinem Output-Power-Pin angesteuert
    ; error
    @(121,9200 mm, 247,0150 mm): Symbol U9 Pin 1 [CC1, Stromversorgung, Linie]
[power_pin_not_driven]: Input-Power-Pin wird von keinem Output-Power-Pin angesteuert
    ; error
    @(121,9200 mm, 249,5550 mm): Symbol U9 Pin 2 [CC2, Stromversorgung, Linie]
[power_pin_not_driven]: Input-Power-Pin wird von keinem Output-Power-Pin angesteuert
    ; error
    @(121,9200 mm, 240,6650 mm): Symbol U9 Pin 3 [CURRENT_MODE, Stromversorgung, Linie]
[power_pin_not_driven]: Input-Power-Pin wird von keinem Output-Power-Pin angesteuert
    ; error
    @(121,9200 mm, 236,8550 mm): Symbol U9 Pin 5 [VBUS_DET, Stromversorgung, Linie]

***** Schaltplan /EMMC/
[missing_power_pin]: Symbol U14 hat in den Einheiten [ Einheit B ] unplatzierte Stromversorgungs-Pins.
    ; error
    @(118,1100 mm, 137,1600 mm): Symbol U12 [EMMC64G-TY29-5B101]
[missing_unit]: Symbol U14 hat unplatzierte Einheiten [ Einheit B ]
    ; warning
    @(118,1100 mm, 137,1600 mm): Symbol U12 [EMMC64G-TY29-5B101]
[missing_input_pin]: Symbol U13 hat in den Einheiten [ Einheit A ] unplatzierte Eingangs-Pins.
    ; warning
    @(196,8500 mm, 109,2200 mm): Symbol U13 [EMMC64G-TY29-5B101]
[missing_bidi_pin]: Symbol U13 hat in den Einheiten [ Einheit A ] unplatzierte bidirektionale Pins.
    ; warning
    @(196,8500 mm, 109,2200 mm): Symbol U13 [EMMC64G-TY29-5B101]
[power_pin_not_driven]: Input-Power-Pin wird von keinem Output-Power-Pin angesteuert
    ; error
    @(217,1700 mm, 96,5200 mm): Symbol U13 Pin C6 [VCCQ, Stromversorgung, Linie]
[missing_unit]: Symbol U13 hat unplatzierte Einheiten [ Einheit A ]
    ; warning
    @(196,8500 mm, 109,2200 mm): Symbol U13 [EMMC64G-TY29-5B101]

***** Schaltplan /DSI_Interface/

***** Schaltplan /SDRAM/

 ** ERC-Meldungen: 30  Fehler 20  Warnungen 10
